Starting the New Relic Agent.
Installed New Relic Browser Monitoring middleware
Connecting to database specified by database.yml
Starting the New Relic Agent.
Installed New Relic Browser Monitoring middleware
Connecting to database specified by database.yml
Starting the New Relic Agent.
Installed New Relic Browser Monitoring middleware
Connecting to database specified by database.yml
New Relic Agent not running.
Compiled jquery.js  (3ms)  (pid 8996)
Compiled jquery_ujs.js  (0ms)  (pid 8996)
Compiled categories.js  (95ms)  (pid 8996)
Compiled main_pages.js  (93ms)  (pid 8996)
Compiled post_tags.js  (83ms)  (pid 8996)
Compiled posts.js  (84ms)  (pid 8996)
Compiled sessions.js  (94ms)  (pid 8996)
Compiled tags.js  (82ms)  (pid 8996)
Compiled application.js  (678ms)  (pid 8996)
Compiled categories.css  (12ms)  (pid 8996)
Compiled custom.css  (18ms)  (pid 8996)
Compiled main_pages.css  (0ms)  (pid 8996)
Compiled post_tags.css  (0ms)  (pid 8996)
Compiled posts.css  (2ms)  (pid 8996)
Compiled scaffolds.css  (2ms)  (pid 8996)
Compiled sessions.css  (2ms)  (pid 8996)
Compiled tags.css  (0ms)  (pid 8996)
Compiled application.css  (110ms)  (pid 8996)
New Relic Agent not running.
Compiled jquery.js  (1ms)  (pid 6592)
Compiled jquery_ujs.js  (0ms)  (pid 6592)
Compiled categories.js  (92ms)  (pid 6592)
Compiled main_pages.js  (83ms)  (pid 6592)
Compiled post_tags.js  (93ms)  (pid 6592)
Compiled posts.js  (84ms)  (pid 6592)
Compiled sessions.js  (94ms)  (pid 6592)
Compiled tags.js  (83ms)  (pid 6592)
Compiled application.js  (601ms)  (pid 6592)
Compiled categories.css  (12ms)  (pid 6592)
Compiled custom.css  (18ms)  (pid 6592)
Compiled main_pages.css  (0ms)  (pid 6592)
Compiled post_tags.css  (0ms)  (pid 6592)
Compiled posts.css  (2ms)  (pid 6592)
Compiled scaffolds.css  (2ms)  (pid 6592)
Compiled sessions.css  (1ms)  (pid 6592)
Compiled tags.css  (0ms)  (pid 6592)
Compiled application.css  (104ms)  (pid 6592)
Starting the New Relic Agent.
Installed New Relic Browser Monitoring middleware
Connecting to database specified by database.yml
Starting the New Relic Agent.
Installed New Relic Browser Monitoring middleware
Connecting to database specified by database.yml
Starting the New Relic Agent.
Installed New Relic Browser Monitoring middleware
Connecting to database specified by database.yml
New Relic Agent not running.
Compiled jquery.js  (1ms)  (pid 3536)
Compiled jquery_ujs.js  (0ms)  (pid 3536)
Compiled categories.js  (177ms)  (pid 3536)
Compiled main_pages.js  (73ms)  (pid 3536)
Compiled post_tags.js  (73ms)  (pid 3536)
Compiled posts.js  (72ms)  (pid 3536)
Compiled sessions.js  (84ms)  (pid 3536)
Compiled tags.js  (72ms)  (pid 3536)
Compiled application.js  (695ms)  (pid 3536)
Compiled categories.css  (31ms)  (pid 3536)
Compiled custom.css  (22ms)  (pid 3536)
Compiled main_pages.css  (0ms)  (pid 3536)
Compiled post_tags.css  (13ms)  (pid 3536)
Compiled posts.css  (0ms)  (pid 3536)
Compiled scaffolds.css  (2ms)  (pid 3536)
Compiled sessions.css  (1ms)  (pid 3536)
Compiled tags.css  (0ms)  (pid 3536)
Compiled application.css  (131ms)  (pid 3536)
New Relic Agent not running.
Compiled jquery.js  (1ms)  (pid 8512)
Compiled jquery_ujs.js  (0ms)  (pid 8512)
Compiled categories.js  (82ms)  (pid 8512)
Compiled main_pages.js  (73ms)  (pid 8512)
Compiled post_tags.js  (86ms)  (pid 8512)
Compiled posts.js  (73ms)  (pid 8512)
Compiled sessions.js  (85ms)  (pid 8512)
Compiled tags.js  (74ms)  (pid 8512)
Compiled application.js  (545ms)  (pid 8512)
Compiled categories.css  (12ms)  (pid 8512)
Compiled custom.css  (22ms)  (pid 8512)
Compiled main_pages.css  (1ms)  (pid 8512)
Compiled post_tags.css  (2ms)  (pid 8512)
Compiled posts.css  (1ms)  (pid 8512)
Compiled scaffolds.css  (2ms)  (pid 8512)
Compiled sessions.css  (1ms)  (pid 8512)
Compiled tags.css  (0ms)  (pid 8512)
Compiled application.css  (112ms)  (pid 8512)
New Relic Agent not running.
Compiled jquery.js  (3ms)  (pid 4568)
Compiled jquery_ujs.js  (12ms)  (pid 4568)
Compiled categories.js  (85ms)  (pid 4568)
Compiled main_pages.js  (89ms)  (pid 4568)
Compiled post_tags.js  (73ms)  (pid 4568)
Compiled posts.js  (72ms)  (pid 4568)
Compiled sessions.js  (100ms)  (pid 4568)
Compiled tags.js  (75ms)  (pid 4568)
Compiled application.js  (571ms)  (pid 4568)
Compiled categories.css  (13ms)  (pid 4568)
Compiled custom.css  (23ms)  (pid 4568)
Compiled main_pages.css  (0ms)  (pid 4568)
Compiled post_tags.css  (1ms)  (pid 4568)
Compiled posts.css  (1ms)  (pid 4568)
Compiled scaffolds.css  (2ms)  (pid 4568)
Compiled sessions.css  (1ms)  (pid 4568)
Compiled tags.css  (0ms)  (pid 4568)
Compiled application.css  (121ms)  (pid 4568)
New Relic Agent not running.
Compiled jquery.js  (2ms)  (pid 7416)
Compiled jquery_ujs.js  (0ms)  (pid 7416)
Compiled categories.js  (95ms)  (pid 7416)
Compiled main_pages.js  (75ms)  (pid 7416)
Compiled post_tags.js  (73ms)  (pid 7416)
Compiled posts.js  (72ms)  (pid 7416)
Compiled sessions.js  (73ms)  (pid 7416)
Compiled tags.js  (83ms)  (pid 7416)
Compiled application.js  (544ms)  (pid 7416)
Compiled categories.css  (10ms)  (pid 7416)
Compiled custom.css  (22ms)  (pid 7416)
Compiled main_pages.css  (0ms)  (pid 7416)
Compiled post_tags.css  (1ms)  (pid 7416)
Compiled posts.css  (1ms)  (pid 7416)
Compiled scaffolds.css  (2ms)  (pid 7416)
Compiled sessions.css  (1ms)  (pid 7416)
Compiled tags.css  (0ms)  (pid 7416)
Compiled application.css  (96ms)  (pid 7416)
New Relic Agent not running.
Compiled jquery.js  (1ms)  (pid 3740)
Compiled jquery_ujs.js  (0ms)  (pid 3740)
Compiled categories.js  (112ms)  (pid 3740)
Compiled comments.js  (84ms)  (pid 3740)
Compiled main_pages.js  (93ms)  (pid 3740)
Compiled post_tags.js  (80ms)  (pid 3740)
Compiled posts.js  (94ms)  (pid 3740)
Compiled sessions.js  (80ms)  (pid 3740)
Compiled tags.js  (93ms)  (pid 3740)
Compiled ckeditor/ckeditor.js  (6ms)  (pid 3740)
Compiled application.js  (1583ms)  (pid 3740)
Compiled categories.css  (14ms)  (pid 3740)
Compiled comments.css  (1ms)  (pid 3740)
Compiled custom.css  (34ms)  (pid 3740)
Compiled main_pages.css  (1ms)  (pid 3740)
Compiled post_tags.css  (0ms)  (pid 3740)
Compiled posts.css  (0ms)  (pid 3740)
Compiled scaffolds.css  (7ms)  (pid 3740)
Compiled sessions.css  (0ms)  (pid 3740)
Compiled tags.css  (2ms)  (pid 3740)
Compiled application.css  (180ms)  (pid 3740)
Compiled ckeditor/filebrowser/javascripts/jquery.min.js  (2ms)  (pid 3740)
Compiled ckeditor/filebrowser/javascripts/jquery.tmpl.min.js  (1ms)  (pid 3740)
Compiled ckeditor/filebrowser/javascripts/fileuploader.js  (0ms)  (pid 3740)
Compiled ckeditor/filebrowser/javascripts/rails.js  (0ms)  (pid 3740)
Compiled ckeditor/filebrowser/javascripts/application.js  (0ms)  (pid 3740)
Compiled ckeditor/application.js  (468ms)  (pid 3740)
Compiled ckeditor/config.js  (0ms)  (pid 3740)
Compiled ckeditor/plugins/attachment/dialogs/attachment.js  (0ms)  (pid 3740)
Compiled ckeditor/plugins/attachment/lang/en.js  (0ms)  (pid 3740)
Compiled ckeditor/plugins/attachment/lang/ru.js  (0ms)  (pid 3740)
Compiled ckeditor/plugins/attachment/lang/uk.js  (0ms)  (pid 3740)
Compiled ckeditor/plugins/attachment/plugin.js  (0ms)  (pid 3740)
Compiled ckeditor/plugins/embed/dialogs/embed.js  (0ms)  (pid 3740)
Compiled ckeditor/plugins/embed/lang/el.js  (1ms)  (pid 3740)
Compiled ckeditor/plugins/embed/lang/en.js  (0ms)  (pid 3740)
Compiled ckeditor/plugins/embed/lang/ru.js  (0ms)  (pid 3740)
Compiled ckeditor/plugins/embed/lang/uk.js  (0ms)  (pid 3740)
Compiled ckeditor/plugins/embed/plugin.js  (0ms)  (pid 3740)
Compiled ckeditor/filebrowser/stylesheets/uploader.css  (0ms)  (pid 3740)
Compiled ckeditor/application.css  (141ms)  (pid 3740)
Compiled ckeditor/adapters/jquery.js  (0ms)  (pid 3740)
Compiled ckeditor/ckeditor_basic.js  (1ms)  (pid 3740)
Compiled ckeditor/ckeditor_basic_source.js  (0ms)  (pid 3740)
Compiled ckeditor/ckeditor_source.js  (0ms)  (pid 3740)
Compiled ckeditor/contents.css  (0ms)  (pid 3740)
Compiled ckeditor/lang/_languages.js  (1ms)  (pid 3740)
Compiled ckeditor/lang/af.js  (0ms)  (pid 3740)
Compiled ckeditor/lang/ar.js  (0ms)  (pid 3740)
Compiled ckeditor/lang/bg.js  (1ms)  (pid 3740)
Compiled ckeditor/lang/bn.js  (1ms)  (pid 3740)
Compiled ckeditor/lang/bs.js  (0ms)  (pid 3740)
Compiled ckeditor/lang/ca.js  (0ms)  (pid 3740)
Compiled ckeditor/lang/cs.js  (0ms)  (pid 3740)
Compiled ckeditor/lang/cy.js  (0ms)  (pid 3740)
Compiled ckeditor/lang/da.js  (0ms)  (pid 3740)
Compiled ckeditor/lang/de.js  (0ms)  (pid 3740)
Compiled ckeditor/lang/el.js  (0ms)  (pid 3740)
Compiled ckeditor/lang/en-au.js  (0ms)  (pid 3740)
Compiled ckeditor/lang/en-ca.js  (0ms)  (pid 3740)
Compiled ckeditor/lang/en-gb.js  (0ms)  (pid 3740)
Compiled ckeditor/lang/en.js  (0ms)  (pid 3740)
Compiled ckeditor/lang/eo.js  (0ms)  (pid 3740)
Compiled ckeditor/lang/es.js  (0ms)  (pid 3740)
Compiled ckeditor/lang/et.js  (0ms)  (pid 3740)
Compiled ckeditor/lang/eu.js  (0ms)  (pid 3740)
Compiled ckeditor/lang/fa.js  (1ms)  (pid 3740)
Compiled ckeditor/lang/fi.js  (1ms)  (pid 3740)
Compiled ckeditor/lang/fo.js  (0ms)  (pid 3740)
Compiled ckeditor/lang/fr-ca.js  (0ms)  (pid 3740)
Compiled ckeditor/lang/fr.js  (0ms)  (pid 3740)
Compiled ckeditor/lang/gl.js  (0ms)  (pid 3740)
Compiled ckeditor/lang/gu.js  (0ms)  (pid 3740)
Compiled ckeditor/lang/he.js  (0ms)  (pid 3740)
Compiled ckeditor/lang/hi.js  (0ms)  (pid 3740)
Compiled ckeditor/lang/hr.js  (1ms)  (pid 3740)
Compiled ckeditor/lang/hu.js  (0ms)  (pid 3740)
Compiled ckeditor/lang/id.js  (0ms)  (pid 3740)
Compiled ckeditor/lang/is.js  (0ms)  (pid 3740)
Compiled ckeditor/lang/it.js  (0ms)  (pid 3740)
Compiled ckeditor/lang/ja.js  (0ms)  (pid 3740)
Compiled ckeditor/lang/ka.js  (0ms)  (pid 3740)
Compiled ckeditor/lang/km.js  (0ms)  (pid 3740)
Compiled ckeditor/lang/ko.js  (0ms)  (pid 3740)
Compiled ckeditor/lang/lt.js  (0ms)  (pid 3740)
Compiled ckeditor/lang/lv.js  (0ms)  (pid 3740)
Compiled ckeditor/lang/mk.js  (0ms)  (pid 3740)
Compiled ckeditor/lang/mn.js  (1ms)  (pid 3740)
Compiled ckeditor/lang/ms.js  (0ms)  (pid 3740)
Compiled ckeditor/lang/nb.js  (0ms)  (pid 3740)
Compiled ckeditor/lang/nl.js  (1ms)  (pid 3740)
Compiled ckeditor/lang/no.js  (0ms)  (pid 3740)
Compiled ckeditor/lang/pl.js  (0ms)  (pid 3740)
Compiled ckeditor/lang/pt-br.js  (0ms)  (pid 3740)
Compiled ckeditor/lang/pt.js  (0ms)  (pid 3740)
Compiled ckeditor/lang/ro.js  (0ms)  (pid 3740)
Compiled ckeditor/lang/ru.js  (0ms)  (pid 3740)
Compiled ckeditor/lang/sk.js  (0ms)  (pid 3740)
Compiled ckeditor/lang/sl.js  (0ms)  (pid 3740)
Compiled ckeditor/lang/sr-latn.js  (0ms)  (pid 3740)
Compiled ckeditor/lang/sr.js  (0ms)  (pid 3740)
Compiled ckeditor/lang/sv.js  (0ms)  (pid 3740)
Compiled ckeditor/lang/th.js  (0ms)  (pid 3740)
Compiled ckeditor/lang/tr.js  (0ms)  (pid 3740)
Compiled ckeditor/lang/ug.js  (0ms)  (pid 3740)
Compiled ckeditor/lang/uk.js  (1ms)  (pid 3740)
Compiled ckeditor/lang/vi.js  (0ms)  (pid 3740)
Compiled ckeditor/lang/zh-cn.js  (0ms)  (pid 3740)
Compiled ckeditor/lang/zh.js  (0ms)  (pid 3740)
Compiled ckeditor/plugins/a11yhelp/dialogs/a11yhelp.js  (0ms)  (pid 3740)
Compiled ckeditor/plugins/a11yhelp/lang/cs.js  (0ms)  (pid 3740)
Compiled ckeditor/plugins/a11yhelp/lang/cy.js  (0ms)  (pid 3740)
Compiled ckeditor/plugins/a11yhelp/lang/da.js  (0ms)  (pid 3740)
Compiled ckeditor/plugins/a11yhelp/lang/de.js  (0ms)  (pid 3740)
Compiled ckeditor/plugins/a11yhelp/lang/el.js  (0ms)  (pid 3740)
Compiled ckeditor/plugins/a11yhelp/lang/en.js  (0ms)  (pid 3740)
Compiled ckeditor/plugins/a11yhelp/lang/eo.js  (0ms)  (pid 3740)
Compiled ckeditor/plugins/a11yhelp/lang/fa.js  (0ms)  (pid 3740)
Compiled ckeditor/plugins/a11yhelp/lang/fi.js  (0ms)  (pid 3740)
Compiled ckeditor/plugins/a11yhelp/lang/fr.js  (0ms)  (pid 3740)
Compiled ckeditor/plugins/a11yhelp/lang/gu.js  (0ms)  (pid 3740)
Compiled ckeditor/plugins/a11yhelp/lang/he.js  (0ms)  (pid 3740)
Compiled ckeditor/plugins/a11yhelp/lang/it.js  (0ms)  (pid 3740)
Compiled ckeditor/plugins/a11yhelp/lang/mk.js  (0ms)  (pid 3740)
Compiled ckeditor/plugins/a11yhelp/lang/nb.js  (0ms)  (pid 3740)
Compiled ckeditor/plugins/a11yhelp/lang/nl.js  (1ms)  (pid 3740)
Compiled ckeditor/plugins/a11yhelp/lang/no.js  (0ms)  (pid 3740)
Compiled ckeditor/plugins/a11yhelp/lang/pt-br.js  (0ms)  (pid 3740)
Compiled ckeditor/plugins/a11yhelp/lang/ro.js  (0ms)  (pid 3740)
Compiled ckeditor/plugins/a11yhelp/lang/tr.js  (0ms)  (pid 3740)
Compiled ckeditor/plugins/a11yhelp/lang/ug.js  (0ms)  (pid 3740)
Compiled ckeditor/plugins/a11yhelp/lang/vi.js  (0ms)  (pid 3740)
Compiled ckeditor/plugins/a11yhelp/lang/zh-cn.js  (0ms)  (pid 3740)
Compiled ckeditor/plugins/about/dialogs/about.js  (0ms)  (pid 3740)
Compiled ckeditor/plugins/adobeair/plugin.js  (0ms)  (pid 3740)
Compiled ckeditor/plugins/ajax/plugin.js  (0ms)  (pid 3740)
Compiled ckeditor/plugins/autogrow/plugin.js  (1ms)  (pid 3740)
Compiled ckeditor/plugins/bbcode/plugin.js  (0ms)  (pid 3740)
Compiled ckeditor/plugins/clipboard/dialogs/paste.js  (1ms)  (pid 3740)
Compiled ckeditor/plugins/colordialog/dialogs/colordialog.js  (1ms)  (pid 3740)
Compiled ckeditor/plugins/devtools/lang/bg.js  (0ms)  (pid 3740)
Compiled ckeditor/plugins/devtools/lang/cs.js  (0ms)  (pid 3740)
Compiled ckeditor/plugins/devtools/lang/cy.js  (0ms)  (pid 3740)
Compiled ckeditor/plugins/devtools/lang/da.js  (0ms)  (pid 3740)
Compiled ckeditor/plugins/devtools/lang/de.js  (0ms)  (pid 3740)
Compiled ckeditor/plugins/devtools/lang/el.js  (0ms)  (pid 3740)
Compiled ckeditor/plugins/devtools/lang/en.js  (0ms)  (pid 3740)
Compiled ckeditor/plugins/devtools/lang/eo.js  (0ms)  (pid 3740)
Compiled ckeditor/plugins/devtools/lang/et.js  (0ms)  (pid 3740)
Compiled ckeditor/plugins/devtools/lang/fa.js  (0ms)  (pid 3740)
Compiled ckeditor/plugins/devtools/lang/fi.js  (0ms)  (pid 3740)
Compiled ckeditor/plugins/devtools/lang/fr.js  (0ms)  (pid 3740)
Compiled ckeditor/plugins/devtools/lang/gu.js  (0ms)  (pid 3740)
Compiled ckeditor/plugins/devtools/lang/he.js  (0ms)  (pid 3740)
Compiled ckeditor/plugins/devtools/lang/hr.js  (0ms)  (pid 3740)
Compiled ckeditor/plugins/devtools/lang/it.js  (0ms)  (pid 3740)
Compiled ckeditor/plugins/devtools/lang/nb.js  (0ms)  (pid 3740)
Compiled ckeditor/plugins/devtools/lang/nl.js  (0ms)  (pid 3740)
Compiled ckeditor/plugins/devtools/lang/no.js  (0ms)  (pid 3740)
Compiled ckeditor/plugins/devtools/lang/pl.js  (0ms)  (pid 3740)
Compiled ckeditor/plugins/devtools/lang/pt-br.js  (0ms)  (pid 3740)
Compiled ckeditor/plugins/devtools/lang/tr.js  (0ms)  (pid 3740)
Compiled ckeditor/plugins/devtools/lang/ug.js  (0ms)  (pid 3740)
Compiled ckeditor/plugins/devtools/lang/uk.js  (0ms)  (pid 3740)
Compiled ckeditor/plugins/devtools/lang/vi.js  (0ms)  (pid 3740)
Compiled ckeditor/plugins/devtools/lang/zh-cn.js  (0ms)  (pid 3740)
Compiled ckeditor/plugins/devtools/plugin.js  (0ms)  (pid 3740)
Compiled ckeditor/plugins/dialog/dialogDefinition.js  (0ms)  (pid 3740)
Compiled ckeditor/plugins/div/dialogs/div.js  (0ms)  (pid 3740)
Compiled ckeditor/plugins/docprops/dialogs/docprops.js  (0ms)  (pid 3740)
Compiled ckeditor/plugins/docprops/plugin.js  (1ms)  (pid 3740)
Compiled ckeditor/plugins/find/dialogs/find.js  (1ms)  (pid 3740)
Compiled ckeditor/plugins/flash/dialogs/flash.js  (0ms)  (pid 3740)
Compiled ckeditor/plugins/forms/dialogs/button.js  (0ms)  (pid 3740)
Compiled ckeditor/plugins/forms/dialogs/checkbox.js  (0ms)  (pid 3740)
Compiled ckeditor/plugins/forms/dialogs/form.js  (0ms)  (pid 3740)
Compiled ckeditor/plugins/forms/dialogs/hiddenfield.js  (0ms)  (pid 3740)
Compiled ckeditor/plugins/forms/dialogs/radio.js  (0ms)  (pid 3740)
Compiled ckeditor/plugins/forms/dialogs/select.js  (0ms)  (pid 3740)
Compiled ckeditor/plugins/forms/dialogs/textarea.js  (0ms)  (pid 3740)
Compiled ckeditor/plugins/forms/dialogs/textfield.js  (1ms)  (pid 3740)
Compiled ckeditor/plugins/iframe/dialogs/iframe.js  (0ms)  (pid 3740)
Compiled ckeditor/plugins/iframedialog/plugin.js  (0ms)  (pid 3740)
Compiled ckeditor/plugins/image/dialogs/image.js  (0ms)  (pid 3740)
Compiled ckeditor/plugins/link/dialogs/anchor.js  (0ms)  (pid 3740)
Compiled ckeditor/plugins/link/dialogs/link.js  (1ms)  (pid 3740)
Compiled ckeditor/plugins/liststyle/dialogs/liststyle.js  (0ms)  (pid 3740)
Compiled ckeditor/plugins/pastefromword/filter/default.js  (1ms)  (pid 3740)
Compiled ckeditor/plugins/pastetext/dialogs/pastetext.js  (0ms)  (pid 3740)
Compiled ckeditor/plugins/placeholder/dialogs/placeholder.js  (0ms)  (pid 3740)
Compiled ckeditor/plugins/placeholder/lang/bg.js  (0ms)  (pid 3740)
Compiled ckeditor/plugins/placeholder/lang/cs.js  (0ms)  (pid 3740)
Compiled ckeditor/plugins/placeholder/lang/cy.js  (0ms)  (pid 3740)
Compiled ckeditor/plugins/placeholder/lang/da.js  (0ms)  (pid 3740)
Compiled ckeditor/plugins/placeholder/lang/de.js  (0ms)  (pid 3740)
Compiled ckeditor/plugins/placeholder/lang/el.js  (1ms)  (pid 3740)
Compiled ckeditor/plugins/placeholder/lang/en.js  (0ms)  (pid 3740)
Compiled ckeditor/plugins/placeholder/lang/eo.js  (0ms)  (pid 3740)
Compiled ckeditor/plugins/placeholder/lang/et.js  (0ms)  (pid 3740)
Compiled ckeditor/plugins/placeholder/lang/fa.js  (0ms)  (pid 3740)
Compiled ckeditor/plugins/placeholder/lang/fi.js  (0ms)  (pid 3740)
Compiled ckeditor/plugins/placeholder/lang/fr.js  (0ms)  (pid 3740)
Compiled ckeditor/plugins/placeholder/lang/he.js  (0ms)  (pid 3740)
Compiled ckeditor/plugins/placeholder/lang/hr.js  (0ms)  (pid 3740)
Compiled ckeditor/plugins/placeholder/lang/it.js  (1ms)  (pid 3740)
Compiled ckeditor/plugins/placeholder/lang/nb.js  (0ms)  (pid 3740)
Compiled ckeditor/plugins/placeholder/lang/nl.js  (0ms)  (pid 3740)
Compiled ckeditor/plugins/placeholder/lang/no.js  (0ms)  (pid 3740)
Compiled ckeditor/plugins/placeholder/lang/pl.js  (0ms)  (pid 3740)
Compiled ckeditor/plugins/placeholder/lang/pt-br.js  (0ms)  (pid 3740)
Compiled ckeditor/plugins/placeholder/lang/tr.js  (0ms)  (pid 3740)
Compiled ckeditor/plugins/placeholder/lang/ug.js  (0ms)  (pid 3740)
Compiled ckeditor/plugins/placeholder/lang/uk.js  (0ms)  (pid 3740)
Compiled ckeditor/plugins/placeholder/lang/vi.js  (0ms)  (pid 3740)
Compiled ckeditor/plugins/placeholder/lang/zh-cn.js  (0ms)  (pid 3740)
Compiled ckeditor/plugins/placeholder/plugin.js  (0ms)  (pid 3740)
Compiled ckeditor/plugins/scayt/dialogs/options.js  (0ms)  (pid 3740)
Compiled ckeditor/plugins/scayt/dialogs/toolbar.css  (0ms)  (pid 3740)
Compiled ckeditor/plugins/smiley/dialogs/smiley.js  (0ms)  (pid 3740)
Compiled ckeditor/plugins/specialchar/dialogs/specialchar.js  (0ms)  (pid 3740)
Compiled ckeditor/plugins/specialchar/lang/cs.js  (0ms)  (pid 3740)
Compiled ckeditor/plugins/specialchar/lang/cy.js  (0ms)  (pid 3740)
Compiled ckeditor/plugins/specialchar/lang/de.js  (0ms)  (pid 3740)
Compiled ckeditor/plugins/specialchar/lang/el.js  (0ms)  (pid 3740)
Compiled ckeditor/plugins/specialchar/lang/en.js  (0ms)  (pid 3740)
Compiled ckeditor/plugins/specialchar/lang/eo.js  (0ms)  (pid 3740)
Compiled ckeditor/plugins/specialchar/lang/et.js  (0ms)  (pid 3740)
Compiled ckeditor/plugins/specialchar/lang/fa.js  (0ms)  (pid 3740)
Compiled ckeditor/plugins/specialchar/lang/fi.js  (0ms)  (pid 3740)
Compiled ckeditor/plugins/specialchar/lang/fr.js  (0ms)  (pid 3740)
Compiled ckeditor/plugins/specialchar/lang/he.js  (0ms)  (pid 3740)
Compiled ckeditor/plugins/specialchar/lang/hr.js  (0ms)  (pid 3740)
Compiled ckeditor/plugins/specialchar/lang/it.js  (0ms)  (pid 3740)
Compiled ckeditor/plugins/specialchar/lang/nb.js  (0ms)  (pid 3740)
Compiled ckeditor/plugins/specialchar/lang/nl.js  (0ms)  (pid 3740)
Compiled ckeditor/plugins/specialchar/lang/no.js  (0ms)  (pid 3740)
Compiled ckeditor/plugins/specialchar/lang/pt-br.js  (0ms)  (pid 3740)
Compiled ckeditor/plugins/specialchar/lang/tr.js  (1ms)  (pid 3740)
Compiled ckeditor/plugins/specialchar/lang/ug.js  (0ms)  (pid 3740)
Compiled ckeditor/plugins/specialchar/lang/zh-cn.js  (0ms)  (pid 3740)
Compiled ckeditor/plugins/styles/styles/default.js  (0ms)  (pid 3740)
Compiled ckeditor/plugins/stylesheetparser/plugin.js  (0ms)  (pid 3740)
Compiled ckeditor/plugins/table/dialogs/table.js  (0ms)  (pid 3740)
Compiled ckeditor/plugins/tableresize/plugin.js  (0ms)  (pid 3740)
Compiled ckeditor/plugins/tabletools/dialogs/tableCell.js  (0ms)  (pid 3740)
Compiled ckeditor/plugins/templates/dialogs/templates.js  (1ms)  (pid 3740)
Compiled ckeditor/plugins/templates/templates/default.js  (0ms)  (pid 3740)
Compiled ckeditor/plugins/uicolor/dialogs/uicolor.js  (0ms)  (pid 3740)
Compiled ckeditor/plugins/uicolor/lang/bg.js  (0ms)  (pid 3740)
Compiled ckeditor/plugins/uicolor/lang/cs.js  (0ms)  (pid 3740)
Compiled ckeditor/plugins/uicolor/lang/cy.js  (0ms)  (pid 3740)
Compiled ckeditor/plugins/uicolor/lang/da.js  (1ms)  (pid 3740)
Compiled ckeditor/plugins/uicolor/lang/de.js  (1ms)  (pid 3740)
Compiled ckeditor/plugins/uicolor/lang/el.js  (0ms)  (pid 3740)
Compiled ckeditor/plugins/uicolor/lang/en.js  (0ms)  (pid 3740)
Compiled ckeditor/plugins/uicolor/lang/eo.js  (0ms)  (pid 3740)
Compiled ckeditor/plugins/uicolor/lang/et.js  (0ms)  (pid 3740)
Compiled ckeditor/plugins/uicolor/lang/fa.js  (0ms)  (pid 3740)
Compiled ckeditor/plugins/uicolor/lang/fi.js  (1ms)  (pid 3740)
Compiled ckeditor/plugins/uicolor/lang/fr.js  (0ms)  (pid 3740)
Compiled ckeditor/plugins/uicolor/lang/he.js  (0ms)  (pid 3740)
Compiled ckeditor/plugins/uicolor/lang/hr.js  (0ms)  (pid 3740)
Compiled ckeditor/plugins/uicolor/lang/it.js  (0ms)  (pid 3740)
Compiled ckeditor/plugins/uicolor/lang/mk.js  (0ms)  (pid 3740)
Compiled ckeditor/plugins/uicolor/lang/nb.js  (0ms)  (pid 3740)
Compiled ckeditor/plugins/uicolor/lang/nl.js  (1ms)  (pid 3740)
Compiled ckeditor/plugins/uicolor/lang/no.js  (0ms)  (pid 3740)
Compiled ckeditor/plugins/uicolor/lang/pl.js  (0ms)  (pid 3740)
Compiled ckeditor/plugins/uicolor/lang/pt-br.js  (0ms)  (pid 3740)
Compiled ckeditor/plugins/uicolor/lang/tr.js  (0ms)  (pid 3740)
Compiled ckeditor/plugins/uicolor/lang/ug.js  (0ms)  (pid 3740)
Compiled ckeditor/plugins/uicolor/lang/uk.js  (1ms)  (pid 3740)
Compiled ckeditor/plugins/uicolor/lang/vi.js  (0ms)  (pid 3740)
Compiled ckeditor/plugins/uicolor/lang/zh-cn.js  (0ms)  (pid 3740)
Compiled ckeditor/plugins/uicolor/plugin.js  (1ms)  (pid 3740)
Compiled ckeditor/plugins/uicolor/yui/assets/yui.css  (0ms)  (pid 3740)
Compiled ckeditor/plugins/uicolor/yui/yui.js  (1ms)  (pid 3740)
Compiled ckeditor/plugins/wsc/dialogs/wsc.css  (0ms)  (pid 3740)
Compiled ckeditor/plugins/wsc/dialogs/wsc.js  (0ms)  (pid 3740)
Compiled ckeditor/plugins/xml/plugin.js  (0ms)  (pid 3740)
Compiled ckeditor/skins/kama/dialog.css  (0ms)  (pid 3740)
Compiled ckeditor/skins/kama/editor.css  (0ms)  (pid 3740)
Compiled ckeditor/skins/kama/skin.js  (1ms)  (pid 3740)
Compiled ckeditor/skins/kama/templates.css  (0ms)  (pid 3740)
Compiled ckeditor/skins/office2003/dialog.css  (0ms)  (pid 3740)
Compiled ckeditor/skins/office2003/editor.css  (0ms)  (pid 3740)
Compiled ckeditor/skins/office2003/skin.js  (1ms)  (pid 3740)
Compiled ckeditor/skins/office2003/templates.css  (0ms)  (pid 3740)
Compiled ckeditor/skins/v2/dialog.css  (1ms)  (pid 3740)
Compiled ckeditor/skins/v2/editor.css  (0ms)  (pid 3740)
Compiled ckeditor/skins/v2/skin.js  (0ms)  (pid 3740)
Compiled ckeditor/skins/v2/templates.css  (0ms)  (pid 3740)
Compiled ckeditor/themes/default/theme.js  (0ms)  (pid 3740)
New Relic Agent not running.
Compiled jquery.js  (2ms)  (pid 3724)
Compiled jquery_ujs.js  (0ms)  (pid 3724)
Compiled categories.js  (136ms)  (pid 3724)
Compiled comments.js  (82ms)  (pid 3724)
Compiled main_pages.js  (96ms)  (pid 3724)
Compiled post_tags.js  (84ms)  (pid 3724)
Compiled posts.js  (95ms)  (pid 3724)
Compiled sessions.js  (86ms)  (pid 3724)
Compiled tags.js  (81ms)  (pid 3724)
Compiled ckeditor/ckeditor.js  (6ms)  (pid 3724)
Compiled application.js  (800ms)  (pid 3724)
Compiled categories.css  (554ms)  (pid 3724)
Compiled comments.css  (0ms)  (pid 3724)
Compiled custom.css  (33ms)  (pid 3724)
Compiled main_pages.css  (1ms)  (pid 3724)
Compiled post_tags.css  (1ms)  (pid 3724)
Compiled posts.css  (1ms)  (pid 3724)
Compiled scaffolds.css  (7ms)  (pid 3724)
Compiled sessions.css  (1ms)  (pid 3724)
Compiled tags.css  (0ms)  (pid 3724)
Compiled application.css  (688ms)  (pid 3724)
Compiled ckeditor/filebrowser/javascripts/jquery.min.js  (2ms)  (pid 3724)
Compiled ckeditor/filebrowser/javascripts/jquery.tmpl.min.js  (0ms)  (pid 3724)
Compiled ckeditor/filebrowser/javascripts/fileuploader.js  (0ms)  (pid 3724)
Compiled ckeditor/filebrowser/javascripts/rails.js  (0ms)  (pid 3724)
Compiled ckeditor/filebrowser/javascripts/application.js  (0ms)  (pid 3724)
Compiled ckeditor/application.js  (650ms)  (pid 3724)
Compiled ckeditor/config.js  (0ms)  (pid 3724)
Compiled ckeditor/plugins/attachment/dialogs/attachment.js  (0ms)  (pid 3724)
Compiled ckeditor/plugins/attachment/lang/en.js  (0ms)  (pid 3724)
Compiled ckeditor/plugins/attachment/lang/ru.js  (0ms)  (pid 3724)
Compiled ckeditor/plugins/attachment/lang/uk.js  (0ms)  (pid 3724)
Compiled ckeditor/plugins/attachment/plugin.js  (0ms)  (pid 3724)
Compiled ckeditor/plugins/embed/dialogs/embed.js  (0ms)  (pid 3724)
Compiled ckeditor/plugins/embed/lang/el.js  (0ms)  (pid 3724)
Compiled ckeditor/plugins/embed/lang/en.js  (0ms)  (pid 3724)
Compiled ckeditor/plugins/embed/lang/ru.js  (0ms)  (pid 3724)
Compiled ckeditor/plugins/embed/lang/uk.js  (0ms)  (pid 3724)
Compiled ckeditor/plugins/embed/plugin.js  (0ms)  (pid 3724)
Compiled ckeditor/filebrowser/stylesheets/uploader.css  (0ms)  (pid 3724)
Compiled ckeditor/application.css  (111ms)  (pid 3724)
Compiled ckeditor/adapters/jquery.js  (1ms)  (pid 3724)
Compiled ckeditor/ckeditor_basic.js  (0ms)  (pid 3724)
Compiled ckeditor/ckeditor_basic_source.js  (0ms)  (pid 3724)
Compiled ckeditor/ckeditor_source.js  (0ms)  (pid 3724)
Compiled ckeditor/contents.css  (0ms)  (pid 3724)
Compiled ckeditor/lang/_languages.js  (0ms)  (pid 3724)
Compiled ckeditor/lang/af.js  (1ms)  (pid 3724)
Compiled ckeditor/lang/ar.js  (0ms)  (pid 3724)
Compiled ckeditor/lang/bg.js  (1ms)  (pid 3724)
Compiled ckeditor/lang/bn.js  (1ms)  (pid 3724)
Compiled ckeditor/lang/bs.js  (0ms)  (pid 3724)
Compiled ckeditor/lang/ca.js  (0ms)  (pid 3724)
Compiled ckeditor/lang/cs.js  (1ms)  (pid 3724)
Compiled ckeditor/lang/cy.js  (1ms)  (pid 3724)
Compiled ckeditor/lang/da.js  (0ms)  (pid 3724)
Compiled ckeditor/lang/de.js  (0ms)  (pid 3724)
Compiled ckeditor/lang/el.js  (0ms)  (pid 3724)
Compiled ckeditor/lang/en-au.js  (0ms)  (pid 3724)
Compiled ckeditor/lang/en-ca.js  (0ms)  (pid 3724)
Compiled ckeditor/lang/en-gb.js  (0ms)  (pid 3724)
Compiled ckeditor/lang/en.js  (0ms)  (pid 3724)
Compiled ckeditor/lang/eo.js  (0ms)  (pid 3724)
Compiled ckeditor/lang/es.js  (1ms)  (pid 3724)
Compiled ckeditor/lang/et.js  (1ms)  (pid 3724)
Compiled ckeditor/lang/eu.js  (0ms)  (pid 3724)
Compiled ckeditor/lang/fa.js  (0ms)  (pid 3724)
Compiled ckeditor/lang/fi.js  (0ms)  (pid 3724)
Compiled ckeditor/lang/fo.js  (0ms)  (pid 3724)
Compiled ckeditor/lang/fr-ca.js  (1ms)  (pid 3724)
Compiled ckeditor/lang/fr.js  (1ms)  (pid 3724)
Compiled ckeditor/lang/gl.js  (0ms)  (pid 3724)
Compiled ckeditor/lang/gu.js  (1ms)  (pid 3724)
Compiled ckeditor/lang/he.js  (1ms)  (pid 3724)
Compiled ckeditor/lang/hi.js  (1ms)  (pid 3724)
Compiled ckeditor/lang/hr.js  (1ms)  (pid 3724)
Compiled ckeditor/lang/hu.js  (1ms)  (pid 3724)
Compiled ckeditor/lang/id.js  (0ms)  (pid 3724)
Compiled ckeditor/lang/is.js  (1ms)  (pid 3724)
Compiled ckeditor/lang/it.js  (0ms)  (pid 3724)
Compiled ckeditor/lang/ja.js  (0ms)  (pid 3724)
Compiled ckeditor/lang/ka.js  (0ms)  (pid 3724)
Compiled ckeditor/lang/km.js  (0ms)  (pid 3724)
Compiled ckeditor/lang/ko.js  (0ms)  (pid 3724)
Compiled ckeditor/lang/lt.js  (0ms)  (pid 3724)
Compiled ckeditor/lang/lv.js  (0ms)  (pid 3724)
Compiled ckeditor/lang/mk.js  (0ms)  (pid 3724)
Compiled ckeditor/lang/mn.js  (0ms)  (pid 3724)
Compiled ckeditor/lang/ms.js  (0ms)  (pid 3724)
Compiled ckeditor/lang/nb.js  (0ms)  (pid 3724)
Compiled ckeditor/lang/nl.js  (0ms)  (pid 3724)
Compiled ckeditor/lang/no.js  (0ms)  (pid 3724)
Compiled ckeditor/lang/pl.js  (0ms)  (pid 3724)
Compiled ckeditor/lang/pt-br.js  (0ms)  (pid 3724)
Compiled ckeditor/lang/pt.js  (1ms)  (pid 3724)
Compiled ckeditor/lang/ro.js  (0ms)  (pid 3724)
Compiled ckeditor/lang/ru.js  (0ms)  (pid 3724)
Compiled ckeditor/lang/sk.js  (1ms)  (pid 3724)
Compiled ckeditor/lang/sl.js  (0ms)  (pid 3724)
Compiled ckeditor/lang/sr-latn.js  (0ms)  (pid 3724)
Compiled ckeditor/lang/sr.js  (1ms)  (pid 3724)
Compiled ckeditor/lang/sv.js  (0ms)  (pid 3724)
Compiled ckeditor/lang/th.js  (1ms)  (pid 3724)
Compiled ckeditor/lang/tr.js  (0ms)  (pid 3724)
Compiled ckeditor/lang/ug.js  (0ms)  (pid 3724)
Compiled ckeditor/lang/uk.js  (1ms)  (pid 3724)
Compiled ckeditor/lang/vi.js  (1ms)  (pid 3724)
Compiled ckeditor/lang/zh-cn.js  (0ms)  (pid 3724)
Compiled ckeditor/lang/zh.js  (0ms)  (pid 3724)
Compiled ckeditor/plugins/a11yhelp/dialogs/a11yhelp.js  (0ms)  (pid 3724)
Compiled ckeditor/plugins/a11yhelp/lang/cs.js  (0ms)  (pid 3724)
Compiled ckeditor/plugins/a11yhelp/lang/cy.js  (0ms)  (pid 3724)
Compiled ckeditor/plugins/a11yhelp/lang/da.js  (0ms)  (pid 3724)
Compiled ckeditor/plugins/a11yhelp/lang/de.js  (1ms)  (pid 3724)
Compiled ckeditor/plugins/a11yhelp/lang/el.js  (0ms)  (pid 3724)
Compiled ckeditor/plugins/a11yhelp/lang/en.js  (0ms)  (pid 3724)
Compiled ckeditor/plugins/a11yhelp/lang/eo.js  (0ms)  (pid 3724)
Compiled ckeditor/plugins/a11yhelp/lang/fa.js  (0ms)  (pid 3724)
Compiled ckeditor/plugins/a11yhelp/lang/fi.js  (0ms)  (pid 3724)
Compiled ckeditor/plugins/a11yhelp/lang/fr.js  (0ms)  (pid 3724)
Compiled ckeditor/plugins/a11yhelp/lang/gu.js  (0ms)  (pid 3724)
Compiled ckeditor/plugins/a11yhelp/lang/he.js  (0ms)  (pid 3724)
Compiled ckeditor/plugins/a11yhelp/lang/it.js  (0ms)  (pid 3724)
Compiled ckeditor/plugins/a11yhelp/lang/mk.js  (0ms)  (pid 3724)
Compiled ckeditor/plugins/a11yhelp/lang/nb.js  (0ms)  (pid 3724)
Compiled ckeditor/plugins/a11yhelp/lang/nl.js  (0ms)  (pid 3724)
Compiled ckeditor/plugins/a11yhelp/lang/no.js  (0ms)  (pid 3724)
Compiled ckeditor/plugins/a11yhelp/lang/pt-br.js  (0ms)  (pid 3724)
Compiled ckeditor/plugins/a11yhelp/lang/ro.js  (1ms)  (pid 3724)
Compiled ckeditor/plugins/a11yhelp/lang/tr.js  (0ms)  (pid 3724)
Compiled ckeditor/plugins/a11yhelp/lang/ug.js  (0ms)  (pid 3724)
Compiled ckeditor/plugins/a11yhelp/lang/vi.js  (0ms)  (pid 3724)
Compiled ckeditor/plugins/a11yhelp/lang/zh-cn.js  (0ms)  (pid 3724)
Compiled ckeditor/plugins/about/dialogs/about.js  (0ms)  (pid 3724)
Compiled ckeditor/plugins/adobeair/plugin.js  (0ms)  (pid 3724)
Compiled ckeditor/plugins/ajax/plugin.js  (0ms)  (pid 3724)
Compiled ckeditor/plugins/autogrow/plugin.js  (1ms)  (pid 3724)
Compiled ckeditor/plugins/bbcode/plugin.js  (0ms)  (pid 3724)
Compiled ckeditor/plugins/clipboard/dialogs/paste.js  (1ms)  (pid 3724)
Compiled ckeditor/plugins/colordialog/dialogs/colordialog.js  (0ms)  (pid 3724)
Compiled ckeditor/plugins/devtools/lang/bg.js  (0ms)  (pid 3724)
Compiled ckeditor/plugins/devtools/lang/cs.js  (0ms)  (pid 3724)
Compiled ckeditor/plugins/devtools/lang/cy.js  (0ms)  (pid 3724)
Compiled ckeditor/plugins/devtools/lang/da.js  (0ms)  (pid 3724)
Compiled ckeditor/plugins/devtools/lang/de.js  (0ms)  (pid 3724)
Compiled ckeditor/plugins/devtools/lang/el.js  (0ms)  (pid 3724)
Compiled ckeditor/plugins/devtools/lang/en.js  (0ms)  (pid 3724)
Compiled ckeditor/plugins/devtools/lang/eo.js  (0ms)  (pid 3724)
Compiled ckeditor/plugins/devtools/lang/et.js  (0ms)  (pid 3724)
Compiled ckeditor/plugins/devtools/lang/fa.js  (0ms)  (pid 3724)
Compiled ckeditor/plugins/devtools/lang/fi.js  (0ms)  (pid 3724)
Compiled ckeditor/plugins/devtools/lang/fr.js  (0ms)  (pid 3724)
Compiled ckeditor/plugins/devtools/lang/gu.js  (0ms)  (pid 3724)
Compiled ckeditor/plugins/devtools/lang/he.js  (0ms)  (pid 3724)
Compiled ckeditor/plugins/devtools/lang/hr.js  (0ms)  (pid 3724)
Compiled ckeditor/plugins/devtools/lang/it.js  (0ms)  (pid 3724)
Compiled ckeditor/plugins/devtools/lang/nb.js  (0ms)  (pid 3724)
Compiled ckeditor/plugins/devtools/lang/nl.js  (0ms)  (pid 3724)
Compiled ckeditor/plugins/devtools/lang/no.js  (0ms)  (pid 3724)
Compiled ckeditor/plugins/devtools/lang/pl.js  (0ms)  (pid 3724)
Compiled ckeditor/plugins/devtools/lang/pt-br.js  (0ms)  (pid 3724)
Compiled ckeditor/plugins/devtools/lang/tr.js  (0ms)  (pid 3724)
Compiled ckeditor/plugins/devtools/lang/ug.js  (0ms)  (pid 3724)
Compiled ckeditor/plugins/devtools/lang/uk.js  (1ms)  (pid 3724)
Compiled ckeditor/plugins/devtools/lang/vi.js  (0ms)  (pid 3724)
Compiled ckeditor/plugins/devtools/lang/zh-cn.js  (0ms)  (pid 3724)
Compiled ckeditor/plugins/devtools/plugin.js  (0ms)  (pid 3724)
Compiled ckeditor/plugins/dialog/dialogDefinition.js  (0ms)  (pid 3724)
Compiled ckeditor/plugins/div/dialogs/div.js  (0ms)  (pid 3724)
Compiled ckeditor/plugins/docprops/dialogs/docprops.js  (0ms)  (pid 3724)
Compiled ckeditor/plugins/docprops/plugin.js  (0ms)  (pid 3724)
Compiled ckeditor/plugins/find/dialogs/find.js  (1ms)  (pid 3724)
Compiled ckeditor/plugins/flash/dialogs/flash.js  (0ms)  (pid 3724)
Compiled ckeditor/plugins/forms/dialogs/button.js  (0ms)  (pid 3724)
Compiled ckeditor/plugins/forms/dialogs/checkbox.js  (0ms)  (pid 3724)
Compiled ckeditor/plugins/forms/dialogs/form.js  (0ms)  (pid 3724)
Compiled ckeditor/plugins/forms/dialogs/hiddenfield.js  (1ms)  (pid 3724)
Compiled ckeditor/plugins/forms/dialogs/radio.js  (0ms)  (pid 3724)
Compiled ckeditor/plugins/forms/dialogs/select.js  (0ms)  (pid 3724)
Compiled ckeditor/plugins/forms/dialogs/textarea.js  (1ms)  (pid 3724)
Compiled ckeditor/plugins/forms/dialogs/textfield.js  (0ms)  (pid 3724)
Compiled ckeditor/plugins/iframe/dialogs/iframe.js  (0ms)  (pid 3724)
Compiled ckeditor/plugins/iframedialog/plugin.js  (0ms)  (pid 3724)
Compiled ckeditor/plugins/image/dialogs/image.js  (0ms)  (pid 3724)
Compiled ckeditor/plugins/link/dialogs/anchor.js  (0ms)  (pid 3724)
Compiled ckeditor/plugins/link/dialogs/link.js  (0ms)  (pid 3724)
Compiled ckeditor/plugins/liststyle/dialogs/liststyle.js  (0ms)  (pid 3724)
Compiled ckeditor/plugins/pastefromword/filter/default.js  (0ms)  (pid 3724)
Compiled ckeditor/plugins/pastetext/dialogs/pastetext.js  (0ms)  (pid 3724)
Compiled ckeditor/plugins/placeholder/dialogs/placeholder.js  (0ms)  (pid 3724)
Compiled ckeditor/plugins/placeholder/lang/bg.js  (0ms)  (pid 3724)
Compiled ckeditor/plugins/placeholder/lang/cs.js  (0ms)  (pid 3724)
Compiled ckeditor/plugins/placeholder/lang/cy.js  (0ms)  (pid 3724)
Compiled ckeditor/plugins/placeholder/lang/da.js  (1ms)  (pid 3724)
Compiled ckeditor/plugins/placeholder/lang/de.js  (0ms)  (pid 3724)
Compiled ckeditor/plugins/placeholder/lang/el.js  (0ms)  (pid 3724)
Compiled ckeditor/plugins/placeholder/lang/en.js  (0ms)  (pid 3724)
Compiled ckeditor/plugins/placeholder/lang/eo.js  (1ms)  (pid 3724)
Compiled ckeditor/plugins/placeholder/lang/et.js  (0ms)  (pid 3724)
Compiled ckeditor/plugins/placeholder/lang/fa.js  (1ms)  (pid 3724)
Compiled ckeditor/plugins/placeholder/lang/fi.js  (0ms)  (pid 3724)
Compiled ckeditor/plugins/placeholder/lang/fr.js  (0ms)  (pid 3724)
Compiled ckeditor/plugins/placeholder/lang/he.js  (1ms)  (pid 3724)
Compiled ckeditor/plugins/placeholder/lang/hr.js  (0ms)  (pid 3724)
Compiled ckeditor/plugins/placeholder/lang/it.js  (1ms)  (pid 3724)
Compiled ckeditor/plugins/placeholder/lang/nb.js  (0ms)  (pid 3724)
Compiled ckeditor/plugins/placeholder/lang/nl.js  (1ms)  (pid 3724)
Compiled ckeditor/plugins/placeholder/lang/no.js  (0ms)  (pid 3724)
Compiled ckeditor/plugins/placeholder/lang/pl.js  (0ms)  (pid 3724)
Compiled ckeditor/plugins/placeholder/lang/pt-br.js  (0ms)  (pid 3724)
Compiled ckeditor/plugins/placeholder/lang/tr.js  (0ms)  (pid 3724)
Compiled ckeditor/plugins/placeholder/lang/ug.js  (0ms)  (pid 3724)
Compiled ckeditor/plugins/placeholder/lang/uk.js  (0ms)  (pid 3724)
Compiled ckeditor/plugins/placeholder/lang/vi.js  (0ms)  (pid 3724)
Compiled ckeditor/plugins/placeholder/lang/zh-cn.js  (0ms)  (pid 3724)
Compiled ckeditor/plugins/placeholder/plugin.js  (0ms)  (pid 3724)
Compiled ckeditor/plugins/scayt/dialogs/options.js  (0ms)  (pid 3724)
Compiled ckeditor/plugins/scayt/dialogs/toolbar.css  (1ms)  (pid 3724)
Compiled ckeditor/plugins/smiley/dialogs/smiley.js  (0ms)  (pid 3724)
Compiled ckeditor/plugins/specialchar/dialogs/specialchar.js  (0ms)  (pid 3724)
Compiled ckeditor/plugins/specialchar/lang/cs.js  (1ms)  (pid 3724)
Compiled ckeditor/plugins/specialchar/lang/cy.js  (0ms)  (pid 3724)
Compiled ckeditor/plugins/specialchar/lang/de.js  (0ms)  (pid 3724)
Compiled ckeditor/plugins/specialchar/lang/el.js  (0ms)  (pid 3724)
Compiled ckeditor/plugins/specialchar/lang/en.js  (0ms)  (pid 3724)
Compiled ckeditor/plugins/specialchar/lang/eo.js  (0ms)  (pid 3724)
Compiled ckeditor/plugins/specialchar/lang/et.js  (0ms)  (pid 3724)
Compiled ckeditor/plugins/specialchar/lang/fa.js  (0ms)  (pid 3724)
Compiled ckeditor/plugins/specialchar/lang/fi.js  (0ms)  (pid 3724)
Compiled ckeditor/plugins/specialchar/lang/fr.js  (0ms)  (pid 3724)
Compiled ckeditor/plugins/specialchar/lang/he.js  (0ms)  (pid 3724)
Compiled ckeditor/plugins/specialchar/lang/hr.js  (0ms)  (pid 3724)
Compiled ckeditor/plugins/specialchar/lang/it.js  (1ms)  (pid 3724)
Compiled ckeditor/plugins/specialchar/lang/nb.js  (0ms)  (pid 3724)
Compiled ckeditor/plugins/specialchar/lang/nl.js  (1ms)  (pid 3724)
Compiled ckeditor/plugins/specialchar/lang/no.js  (1ms)  (pid 3724)
Compiled ckeditor/plugins/specialchar/lang/pt-br.js  (0ms)  (pid 3724)
Compiled ckeditor/plugins/specialchar/lang/tr.js  (0ms)  (pid 3724)
Compiled ckeditor/plugins/specialchar/lang/ug.js  (0ms)  (pid 3724)
Compiled ckeditor/plugins/specialchar/lang/zh-cn.js  (0ms)  (pid 3724)
Compiled ckeditor/plugins/styles/styles/default.js  (0ms)  (pid 3724)
Compiled ckeditor/plugins/stylesheetparser/plugin.js  (0ms)  (pid 3724)
Compiled ckeditor/plugins/table/dialogs/table.js  (0ms)  (pid 3724)
Compiled ckeditor/plugins/tableresize/plugin.js  (0ms)  (pid 3724)
Compiled ckeditor/plugins/tabletools/dialogs/tableCell.js  (0ms)  (pid 3724)
Compiled ckeditor/plugins/templates/dialogs/templates.js  (0ms)  (pid 3724)
Compiled ckeditor/plugins/templates/templates/default.js  (1ms)  (pid 3724)
Compiled ckeditor/plugins/uicolor/dialogs/uicolor.js  (0ms)  (pid 3724)
Compiled ckeditor/plugins/uicolor/lang/bg.js  (0ms)  (pid 3724)
Compiled ckeditor/plugins/uicolor/lang/cs.js  (0ms)  (pid 3724)
Compiled ckeditor/plugins/uicolor/lang/cy.js  (0ms)  (pid 3724)
Compiled ckeditor/plugins/uicolor/lang/da.js  (0ms)  (pid 3724)
Compiled ckeditor/plugins/uicolor/lang/de.js  (0ms)  (pid 3724)
Compiled ckeditor/plugins/uicolor/lang/el.js  (0ms)  (pid 3724)
Compiled ckeditor/plugins/uicolor/lang/en.js  (0ms)  (pid 3724)
Compiled ckeditor/plugins/uicolor/lang/eo.js  (0ms)  (pid 3724)
Compiled ckeditor/plugins/uicolor/lang/et.js  (0ms)  (pid 3724)
Compiled ckeditor/plugins/uicolor/lang/fa.js  (0ms)  (pid 3724)
Compiled ckeditor/plugins/uicolor/lang/fi.js  (0ms)  (pid 3724)
Compiled ckeditor/plugins/uicolor/lang/fr.js  (0ms)  (pid 3724)
Compiled ckeditor/plugins/uicolor/lang/he.js  (0ms)  (pid 3724)
Compiled ckeditor/plugins/uicolor/lang/hr.js  (0ms)  (pid 3724)
Compiled ckeditor/plugins/uicolor/lang/it.js  (0ms)  (pid 3724)
Compiled ckeditor/plugins/uicolor/lang/mk.js  (0ms)  (pid 3724)
Compiled ckeditor/plugins/uicolor/lang/nb.js  (0ms)  (pid 3724)
Compiled ckeditor/plugins/uicolor/lang/nl.js  (0ms)  (pid 3724)
Compiled ckeditor/plugins/uicolor/lang/no.js  (0ms)  (pid 3724)
Compiled ckeditor/plugins/uicolor/lang/pl.js  (0ms)  (pid 3724)
Compiled ckeditor/plugins/uicolor/lang/pt-br.js  (0ms)  (pid 3724)
Compiled ckeditor/plugins/uicolor/lang/tr.js  (0ms)  (pid 3724)
Compiled ckeditor/plugins/uicolor/lang/ug.js  (1ms)  (pid 3724)
Compiled ckeditor/plugins/uicolor/lang/uk.js  (0ms)  (pid 3724)
Compiled ckeditor/plugins/uicolor/lang/vi.js  (0ms)  (pid 3724)
Compiled ckeditor/plugins/uicolor/lang/zh-cn.js  (0ms)  (pid 3724)
Compiled ckeditor/plugins/uicolor/plugin.js  (0ms)  (pid 3724)
Compiled ckeditor/plugins/uicolor/yui/assets/yui.css  (0ms)  (pid 3724)
Compiled ckeditor/plugins/uicolor/yui/yui.js  (0ms)  (pid 3724)
Compiled ckeditor/plugins/wsc/dialogs/wsc.css  (1ms)  (pid 3724)
Compiled ckeditor/plugins/wsc/dialogs/wsc.js  (0ms)  (pid 3724)
Compiled ckeditor/plugins/xml/plugin.js  (0ms)  (pid 3724)
Compiled ckeditor/skins/kama/dialog.css  (0ms)  (pid 3724)
Compiled ckeditor/skins/kama/editor.css  (0ms)  (pid 3724)
Compiled ckeditor/skins/kama/skin.js  (0ms)  (pid 3724)
Compiled ckeditor/skins/kama/templates.css  (0ms)  (pid 3724)
Compiled ckeditor/skins/office2003/dialog.css  (0ms)  (pid 3724)
Compiled ckeditor/skins/office2003/editor.css  (0ms)  (pid 3724)
Compiled ckeditor/skins/office2003/skin.js  (0ms)  (pid 3724)
Compiled ckeditor/skins/office2003/templates.css  (1ms)  (pid 3724)
Compiled ckeditor/skins/v2/dialog.css  (0ms)  (pid 3724)
Compiled ckeditor/skins/v2/editor.css  (0ms)  (pid 3724)
Compiled ckeditor/skins/v2/skin.js  (0ms)  (pid 3724)
Compiled ckeditor/skins/v2/templates.css  (0ms)  (pid 3724)
Compiled ckeditor/themes/default/theme.js  (0ms)  (pid 3724)
